Diagnose log at 2026-06-28T20:11:48Z

AppPath: C:\Program Files\Git\mingw64\bin\git-credential-manager.exe
InstallDir: C:\Program Files\Git\mingw64\bin\
Version: 2.6.1+786ab03440ddc82e807a97c0e540f5247e44cec6

------------
Diagnostic: Environment
Skipped: False
Success: True
Exception: None
Log:
OSType: Windows
OSVersion: 10.0 (build 26200)
Reading environment variables... OK
 Variables:
HOMEPATH=\Users\satee
EFC_12492_2946480783=1
COMPUTERNAME=SATEESH
DriverData=C:\Windows\System32\Drivers\DriverData
MSYSTEM=MINGW64
CommonProgramFiles(x86)=C:\Program Files (x86)\Common Files
OneDrive=C:\Users\satee\OneDrive
SSH_ASKPASS=C:/Program Files/Git/mingw64/bin/git-askpass.exe
TMPDIR=C:\Users\satee\AppData\Local\Temp
ProgramFiles(x86)=C:\Program Files (x86)
CONFIG_SITE=C:/Program Files/Git/etc/config.site
LC_CTYPE=en_US.UTF-8
USERDOMAIN=SATeesh
PATHEXT=.COM;.EXE;.BAT;.CMD;.VBS;.VBE;.JS;.JSE;.WSF;.WSH;.MSC
ORIGINAL_TEMP=C:/Users/satee/AppData/Local/Temp
EFC_12492_1592913036=1
PWD=D:/Python Practice/Resume
MINGW_PREFIX=C:/Program Files/Git/mingw64
GIT_EXEC_PATH=C:/Program Files/Git/mingw64/libexec/git-core
ACLOCAL_PATH=C:\Program Files\Git\mingw64\share\aclocal;C:\Program Files\Git\usr\share\aclocal
TEMP=C:\Users\satee\AppData\Local\Temp
LOCALAPPDATA=C:\Users\satee\AppData\Local
MANPATH=C:\Program Files\Git\mingw64\local\man;C:\Program Files\Git\mingw64\share\man;C:\Program Files\Git\usr\local\man;C:\Program Files\Git\usr\share\man;C:\Program Files\Git\usr\man;C:\Program Files\Git\share\man
TERM=xterm
PROCESSOR_IDENTIFIER=Intel64 Family 6 Model 141 Stepping 1, GenuineIntel
MSYSTEM_CARCH=x86_64
PROGRAMFILES=C:\Program Files (x86)
ProgramData=C:\ProgramData
JAVA_HOME=C:\Program Files\Eclipse Adoptium\jdk-17.0.15.6-hotspot\
TERM_PROGRAM_VERSION=3.7.8
ORIGINAL_TMP=C:/Users/satee/AppData/Local/Temp
PROCESSOR_REVISION=8d01
SYSTEMROOT=C:\WINDOWS
TERM_PROGRAM=mintty
PROCESSOR_LEVEL=6
NUMBER_OF_PROCESSORS=12
PATH=C:/Program Files/Git/mingw64/libexec/git-core;C:\Users\satee\bin;C:\Program Files\Git\mingw64\bin;C:\Program Files\Git\usr\local\bin;C:\Program Files\Git\usr\bin;C:\Program Files\Git\usr\bin;C:\Program Files\Git\mingw64\bin;C:\Program Files\Git\usr\bin;C:\Users\satee\bin;C:\Program Files\Eclipse Adoptium\jdk-17.0.15.6-hotspot\bin;C:\Windows\system32;C:\Windows;C:\Windows\System32\Wbem;C:\Windows\System32\WindowsPowerShell\v1.0;C:\Windows\System32\OpenSSH;C:\Program Files (x86)\NVIDIA Corporation\PhysX\Common;C:\WINDOWS\system32;C:\WINDOWS;C:\WINDOWS\System32\Wbem;C:\WINDOWS\System32\WindowsPowerShell\v1.0;C:\WINDOWS\System32\OpenSSH;C:\Program Files\dotnet;C:\Program Files\Git\cmd;C:\Program Files\NVIDIA Corporation\NVIDIA App\NvDLISR;C:\Users\satee\AppData\Local\Programs\Python\Python313\Scripts;C:\Users\satee\AppData\Local\Programs\Python\Python313;C:\Users\satee\AppData\Local\Microsoft\WindowsApps;C:\Users\satee\AppData\Local\Programs\Microsoft VS Code\bin;C:\Program Files\Git\usr\bin\vendor_perl;C:\Program Files\Git\usr\bin\core_perl
SHLVL=1
APPDATA=C:\Users\satee\AppData\Roaming
SYSTEMDRIVE=C:
PSModulePath=C:\Program Files\WindowsPowerShell\Modules;C:\WINDOWS\system32\WindowsPowerShell\v1.0\Modules
PUBLIC=C:\Users\Public
VSCODE_NLS_CONFIG={"userLocale":"en-us","osLocale":"en-in","resolvedLanguage":"en","defaultMessagesFile":"C:\\Users\\satee\\AppData\\Local\\Programs\\Microsoft VS Code\\7e7950df89\\resources\\app\\out\\nls.messages.json","locale":"en-us","availableLanguages":{}}
HOSTNAME=SATeesh
PKG_CONFIG_PATH=C:\Program Files\Git\mingw64\lib\pkgconfig;C:\Program Files\Git\mingw64\share\pkgconfig
MSYSTEM_CHOST=x86_64-w64-mingw32
IGCCSVC_DB=AQAAANCMnd8BFdERjHoAwE/Cl+sBAAAAlbBUSGBI5UibzGcZunsjxQQAAAACAAAAAAAQZgAAAAEAACAAAACbUL+OwmMOxPciCKOOmQ/R+nL5RDVC7k4xbjX5INtZOAAAAAAOgAAAAAIAACAAAACgzdkZkfFNur6nHxfnUoh236M5t3Rh5bgvu+PU12zw6mAAAADrArp+PrrFLjzZCbx47NWhx7T8sI5poO4dAilGV7Bkm5KX2YTMZMUhgA0F+1ctzCtzwvgsDwB2Bv98TUCL2KlQzEJHNYBEX1J84jnCCKQO34AX5lcd625girwInqgAgCVAAAAAFexKkN0KxaHX9uvs+22EMjIjv9ubDeBhV1Dw+z8WnTBk5xcVlcOHIVOIt+hi20TsMOm5HdIue9BZodLTtdQIkg==
PLINK_PROTOCOL=ssh
INFOPATH=C:\Program Files\Git\mingw64\local\info;C:\Program Files\Git\mingw64\share\info;C:\Program Files\Git\usr\local\info;C:\Program Files\Git\usr\share\info;C:\Program Files\Git\usr\info;C:\Program Files\Git\share\info
ProgramW6432=C:\Program Files
ACSvcPort=17532
MINGW_CHOST=x86_64-w64-mingw32
GIT_TRACE2_PARENT_SID=bb9baa54-d9bd-46fc-b076-c0302b045aeb
VSCODE_IPC_HOOK=\\.\pipe\c4eb4052-1.126.0-main-sock
PKG_CONFIG_SYSTEM_LIBRARY_PATH=C:/Program Files/Git/mingw64/lib
RlsSvcPort=22112
TMP=C:\Users\satee\AppData\Local\Temp
USERNAME=Sateesh
SHELL=C:\Program Files\Git\usr\bin\bash.exe
HOME=C:\Users\satee
VSCODE_PID=48092
COMSPEC=C:\WINDOWS\system32\cmd.exe
ZES_ENABLE_SYSMAN=1
LOGONSERVER=\\SATEESH
VSCODE_CWD=C:\Users\satee\AppData\Local\Programs\Microsoft VS Code
USERPROFILE=C:\Users\satee
DISPLAY=needs-to-be-defined
COMMONPROGRAMFILES=C:\Program Files (x86)\Common Files
WINDIR=C:\WINDOWS
_=C:/Program Files/Git/mingw64/bin/git
USERDOMAIN_ROAMINGPROFILE=SATeesh
CommonProgramW6432=C:\Program Files\Common Files
HOMEDRIVE=C:
MSYSTEM_PREFIX=C:/Program Files/Git/mingw64
ACSetupSvcPort=23210
EFC_12492_344590478=1
EFC_12492_4126798990=1
SESSIONNAME=Console
MINGW_PACKAGE_PREFIX=mingw-w64-x86_64
EXEPATH=C:\Program Files\Git
CHROME_CRASHPAD_PIPE_NAME=\\.\pipe\crashpad_48092_IISCQQUTHVDKIFNO
PROCESSOR_ARCHITEW6432=AMD64
ORIGINAL_PATH=C:\Program Files\Git\mingw64\bin;C:\Program Files\Git\usr\bin;C:\Users\satee\bin;C:\Program Files\Eclipse Adoptium\jdk-17.0.15.6-hotspot\bin;C:\Windows\system32;C:\Windows;C:\Windows\System32\Wbem;C:\Windows\System32\WindowsPowerShell\v1.0;C:\Windows\System32\OpenSSH;C:\Program Files (x86)\NVIDIA Corporation\PhysX\Common;C:\WINDOWS\system32;C:\WINDOWS;C:\WINDOWS\System32\Wbem;C:\WINDOWS\System32\WindowsPowerShell\v1.0;C:\WINDOWS\System32\OpenSSH;C:\Program Files\dotnet;C:\Program Files\Git\cmd;C:\Program Files\NVIDIA Corporation\NVIDIA App\NvDLISR;C:\Users\satee\AppData\Local\Programs\Python\Python313\Scripts;C:\Users\satee\AppData\Local\Programs\Python\Python313;C:\Users\satee\AppData\Local\Microsoft\WindowsApps;C:\Users\satee\AppData\Local\Programs\Microsoft VS Code\bin
PROCESSOR_ARCHITECTURE=x86
PS1=\[\033]0;$TITLEPREFIX:$PWD\007\]\n\[\033[32m\]\u@\h \[\033[35m\]$MSYSTEM \[\033[33m\]\w\[\033[36m\]`__git_ps1`\[\033[0m\]\n$ 
OS=Windows_NT
VSCODE_CODE_CACHE_PATH=C:\Users\satee\AppData\Roaming\Code\CachedData\7e7950df89d055b5a378379db9ee14290772148a
PKG_CONFIG_SYSTEM_INCLUDE_PATH=C:/Program Files/Git/mingw64/include
OneDriveConsumer=C:\Users\satee\OneDrive
ALLUSERSPROFILE=C:\ProgramData


------------
Diagnostic: File system
Skipped: False
Success: True
Exception: None
Log:
Temporary directory is 'C:\Users\satee\AppData\Local\Temp\'...
Checking basic file I/O...
Writing to temporary file 'C:\Users\satee\AppData\Local\Temp\768e4f57b0d33fcf85b45eec'... OK
Reading from temporary file 'C:\Users\satee\AppData\Local\Temp\768e4f57b0d33fcf85b45eec'... OK
Deleting temporary file 'C:\Users\satee\AppData\Local\Temp\768e4f57b0d33fcf85b45eec'... OK
Testing IFileSystem instance...
UserHomePath: C:\Users\satee
UserDataDirectoryPath: C:\Users\satee\.gcm
GetCurrentDirectory(): D:\Python Practice\Resume

------------
Diagnostic: Networking
Skipped: False
Success: True
Exception: None
Log:
Checking networking and HTTP stack...
Creating HTTP client... OK
IsNetworkAvailable: True
Sending HEAD request to http://example.com...Sending HEAD request to https://example.com... OK
 OK
Acquiring free TCP port... OK
Testing local HTTP loopback connections...
Creating new HTTP listener for http://localhost:59835/... OK
Waiting for loopback connection... OK
Writing response... OK
Waiting for response data... OK
Loopback connection data OK

------------
Diagnostic: Git
Skipped: False
Success: True
Exception: None
Log:
Getting Git version... OK
Git version is '2.50.0.windows.1'
Locating current repository...Git repository at 'D:/Python Practice/Resume/.git'
 OK
Listing all Git configuration... OK
Git configuration:
file:C:/Program Files/Git/etc/gitconfig	diff.astextplain.textconv=astextplain
file:C:/Program Files/Git/etc/gitconfig	filter.lfs.clean=git-lfs clean -- %f
file:C:/Program Files/Git/etc/gitconfig	filter.lfs.smudge=git-lfs smudge -- %f
file:C:/Program Files/Git/etc/gitconfig	filter.lfs.process=git-lfs filter-process
file:C:/Program Files/Git/etc/gitconfig	filter.lfs.required=true
file:C:/Program Files/Git/etc/gitconfig	http.sslbackend=schannel
file:C:/Program Files/Git/etc/gitconfig	core.autocrlf=true
file:C:/Program Files/Git/etc/gitconfig	core.fscache=true
file:C:/Program Files/Git/etc/gitconfig	core.symlinks=false
file:C:/Program Files/Git/etc/gitconfig	pull.rebase=false
file:C:/Program Files/Git/etc/gitconfig	credential.helper=manager
file:C:/Program Files/Git/etc/gitconfig	credential.https://dev.azure.com.usehttppath=true
file:C:/Program Files/Git/etc/gitconfig	init.defaultbranch=master
file:C:/Users/satee/.gitconfig	user.email=sateeshlalam22@gmail.com
file:C:/Users/satee/.gitconfig	user.name=Sateesh Lalam
file:.git/config	core.repositoryformatversion=0
file:.git/config	core.filemode=false
file:.git/config	core.bare=false
file:.git/config	core.logallrefupdates=true
file:.git/config	core.symlinks=false
file:.git/config	core.ignorecase=true
file:.git/config	remote.origin.url=https://github.com/Sateesh-Lalam/resume.git
file:.git/config	remote.origin.fetch=+refs/heads/*:refs/remotes/origin/*


------------
Diagnostic: Credential storage
Skipped: False
Success: True
Exception: None
Log:
ICredentialStore instance is of type: CredentialStore
Writing test credential... OK
Reading test credential... OK
Deleting test credential... OK

------------
Diagnostic: Microsoft authentication (AAD/MSA)
Skipped: False
Success: True
Exception: None
Log:
Broker is not enabled.
Flow type is: Auto
Gathering MSAL token cache data... OK
CacheDirectory: C:\Users\satee\AppData\Local\.IdentityService
CacheFileName: msal.cache
CacheFilePath: C:\Users\satee\AppData\Local\.IdentityService\msal.cache
Creating cache helper... OK
Verifying MSAL token cache persistence... OK

------------
Diagnostic: GitHub API
Skipped: False
Success: True
Exception: None
Log:
Using 'https://github.com/' as API target.
Querying '/meta' endpoint... OK

